[2024-02-11 21:10:48,286] 160 numexpr.utils - INFO - NumExpr defaulting to 4 threads.
[2024-02-11 21:11:42,101] 24 root - INFO - data ingestion started
[2024-02-11 21:11:42,103] 27 root - INFO -  reading a df
[2024-02-11 21:11:43,494] 31 root - INFO -  i have saved the raw dataset in artifact folder
[2024-02-11 21:11:43,494] 33 root - INFO - here i have performed train test split
[2024-02-11 21:11:43,739] 36 root - INFO - train test split completed
[2024-02-11 21:11:54,983] 41 root - INFO - data ingestion part completed
[2024-02-11 21:11:56,985] 87 root - INFO - read train and test data complete
[2024-02-11 21:11:57,044] 88 root - INFO - Train Dataframe Head : 
       id  carat      cut color clarity  depth  table     x     y     z  price
0   17130   1.00  Premium     D    VVS2   59.4   60.0  6.56  6.52  3.88   9450
1  146179   1.51    Ideal     J    VVS1   62.1   56.0  7.27  7.31  4.54   7928
2  188785   0.90  Premium     J     VS2   61.1   59.0  6.14  6.12  3.75   4082
3  186674   0.70  Premium     H     VS2   62.8   58.0  5.64  5.61  3.53   2104
4  179515   0.34    Ideal     D     SI1   62.9   56.0  4.44  4.45  2.80    803
[2024-02-11 21:11:57,050] 89 root - INFO - Test Dataframe Head : 
       id  carat        cut color clarity  depth  table     x     y     z  price
0  100101   1.52  Very Good     H    VVS2   63.0   60.0  7.25  7.30  4.58  11904
1  118006   1.60      Ideal     G     VS1   61.5   55.0  7.57  7.54  4.65  15485
2  128611   0.32      Ideal     G     VS1   62.1   56.0  4.40  4.42  2.74    702
3   94104   2.03  Very Good     J     SI1   60.8   60.0  8.21  8.16  4.97  12971
4  185090   0.58      Ideal     G    VVS2   61.6   57.0  5.34  5.37  3.30   1974
[2024-02-11 21:11:57,050] 32 root - INFO - Data Transformation initiated
[2024-02-11 21:11:57,050] 43 root - INFO - Pipeline Initiated
[2024-02-11 21:11:59,996] 107 root - INFO - Applying preprocessing object on training and testing datasets.
[2024-02-11 21:12:00,175] 117 root - INFO - preprocessing pickle file saved
[2024-02-11 21:12:00,184] 26 root - INFO - Splitting Dependent and Independent variables from train and test data
[2024-02-11 21:12:31,220] 44 root - INFO - Model Report : {'LinearRegression': 0.9372380912473639, 'Lasso': 0.9371873938616287, 'Ridge': 0.9372389919352745, 'Elasticnet': 0.855102870633969}
[2024-02-11 21:12:31,225] 57 root - INFO - Best Model Found , Model Name : Ridge , R2 Score : 0.9372389919352745
[2024-02-11 21:12:31,234] 18 root - INFO - evaluation started
[2024-02-11 21:12:31,309] 24 root - INFO - evaluation metrics captured
[2024-02-11 21:12:31,311] 35 root - INFO - model has register
